<?xml version="1.0" encoding="UTF-8"?>
<testng-results skipped="0" failed="0" ignored="0" total="2" passed="2">
  <reporter-output>
  </reporter-output>
  <suite name="Default suite" duration-ms="43123" started-at="2021-04-18T09:50:02Z" finished-at="2021-04-18T09:50:45Z">
    <groups>
    </groups>
    <test name="Default test" duration-ms="43123" started-at="2021-04-18T09:50:02Z" finished-at="2021-04-18T09:50:45Z">
      <class name="shoppingSite.testcasePackage.TC_Login_page">
        <test-method status="PASS" signature="steup()[pri:0, instance:shoppingSite.testcasePackage.TC_Login_page@2286778]" name="steup" is-config="true" duration-ms="33443" started-at="2021-04-18T09:50:02Z" finished-at="2021-04-18T09:50:36Z">
          <reporter-output>
          </reporter-output>
        </test-method> <!-- steup -->
        <test-method status="PASS" signature="loginTest()[pri:1, instance:shoppingSite.testcasePackage.TC_Login_page@2286778]" name="loginTest" duration-ms="7220" started-at="2021-04-18T09:50:36Z" finished-at="2021-04-18T09:50:43Z">
          <reporter-output>
          </reporter-output>
        </test-method> <!-- loginTest -->
        <test-method status="PASS" signature="loginPageTitle()[pri:2, instance:shoppingSite.testcasePackage.TC_Login_page@2286778]" name="loginPageTitle" duration-ms="79" started-at="2021-04-18T09:50:43Z" finished-at="2021-04-18T09:50:43Z">
          <reporter-output>
          </reporter-output>
        </test-method> <!-- loginPageTitle -->
        <test-method status="PASS" signature="afterMethod()[pri:0, instance:shoppingSite.testcasePackage.TC_Login_page@2286778]" name="afterMethod" is-config="true" duration-ms="2001" started-at="2021-04-18T09:50:43Z" finished-at="2021-04-18T09:50:45Z">
          <reporter-output>
          </reporter-output>
        </test-method> <!-- afterMethod -->
      </class> <!-- shoppingSite.testcasePackage.TC_Login_page -->
    </test> <!-- Default test -->
  </suite> <!-- Default suite -->
</testng-results>
